0 info it worked if it ends with ok
1 verbose cli [ 'node', '/usr/local/bin/npm', 'install' ]
2 info using npm@1.4.3
3 info using node@v0.10.26
4 verbose readDependencies using package.json deps
5 verbose install where, deps [ '/Users/admin/Desktop/hackathon/mentorship-hackathon',
5 verbose install   [ 'express',
5 verbose install     'static-favicon',
5 verbose install     'morgan',
5 verbose install     'cookie-parser',
5 verbose install     'body-parser',
5 verbose install     'debug',
5 verbose install     'jade',
5 verbose install     'nodemon',
5 verbose install     'mongoose',
5 verbose install     'request',
5 verbose install     'cheerio',
5 verbose install     'node-oauth',
5 verbose install     'json-filter',
5 verbose install     'fs' ] ]
6 info preinstall application-name@0.0.1
7 verbose readDependencies using package.json deps
8 verbose already installed skipping morgan@~1.0.0 /Users/admin/Desktop/hackathon/mentorship-hackathon
9 verbose already installed skipping cookie-parser@~1.0.1 /Users/admin/Desktop/hackathon/mentorship-hackathon
10 verbose already installed skipping body-parser@~1.0.0 /Users/admin/Desktop/hackathon/mentorship-hackathon
11 verbose already installed skipping debug@~0.7.4 /Users/admin/Desktop/hackathon/mentorship-hackathon
12 verbose already installed skipping jade@~1.3.0 /Users/admin/Desktop/hackathon/mentorship-hackathon
13 verbose already installed skipping nodemon@* /Users/admin/Desktop/hackathon/mentorship-hackathon
14 verbose already installed skipping mongoose@* /Users/admin/Desktop/hackathon/mentorship-hackathon
15 verbose already installed skipping request@* /Users/admin/Desktop/hackathon/mentorship-hackathon
16 verbose already installed skipping cheerio@* /Users/admin/Desktop/hackathon/mentorship-hackathon
17 verbose already installed skipping node-oauth@* /Users/admin/Desktop/hackathon/mentorship-hackathon
18 verbose already installed skipping json-filter@* /Users/admin/Desktop/hackathon/mentorship-hackathon
19 verbose already installed skipping express@~4.0.0 /Users/admin/Desktop/hackathon/mentorship-hackathon
20 verbose cache add [ 'fs@*', null ]
21 verbose cache add name=undefined spec="fs@*" args=["fs@*",null]
22 verbose parsed url { protocol: null,
22 verbose parsed url   slashes: null,
22 verbose parsed url   auth: null,
22 verbose parsed url   host: null,
22 verbose parsed url   port: null,
22 verbose parsed url   hostname: null,
22 verbose parsed url   hash: null,
22 verbose parsed url   search: null,
22 verbose parsed url   query: null,
22 verbose parsed url   pathname: 'fs@*',
22 verbose parsed url   path: 'fs@*',
22 verbose parsed url   href: 'fs@*' }
23 verbose cache add name="fs" spec="*" args=["fs","*"]
24 verbose parsed url { protocol: null,
24 verbose parsed url   slashes: null,
24 verbose parsed url   auth: null,
24 verbose parsed url   host: null,
24 verbose parsed url   port: null,
24 verbose parsed url   hostname: null,
24 verbose parsed url   hash: null,
24 verbose parsed url   search: null,
24 verbose parsed url   query: null,
24 verbose parsed url   pathname: '*',
24 verbose parsed url   path: '*',
24 verbose parsed url   href: '*' }
25 verbose addNamed [ 'fs', '*' ]
26 verbose addNamed [ null, '*' ]
27 verbose already installed skipping static-favicon@~1.0.0 /Users/admin/Desktop/hackathon/mentorship-hackathon
28 silly lockFile d8bf140d-fs fs@*
29 verbose lock fs@* /Users/admin/.npm/d8bf140d-fs.lock
30 silly addNameRange { name: 'fs', range: '*', hasData: false }
31 verbose url raw fs
32 verbose url resolving [ 'https://registry.npmjs.org/', './fs' ]
33 verbose url resolved https://registry.npmjs.org/fs
34 info trying registry request attempt 1 at 19:36:15
35 http GET https://registry.npmjs.org/fs
36 http 404 https://registry.npmjs.org/fs
37 silly registry.get cb [ 404,
37 silly registry.get   { date: 'Sat, 26 Apr 2014 23:36:15 GMT',
37 silly registry.get     server: 'CouchDB/1.6.0+build.fauxton-91-g5a2864b (Erlang OTP/R14B04)',
37 silly registry.get     'content-type': 'application/json',
37 silly registry.get     via: '1.1 varnish',
37 silly registry.get     'cache-control': 'max-age=0',
37 silly registry.get     'content-length': '52',
37 silly registry.get     'accept-ranges': 'bytes',
37 silly registry.get     age: '0',
37 silly registry.get     'x-served-by': 'cache-v41-ASH, cache-at50-ATL',
37 silly registry.get     'x-cache': 'MISS, MISS',
37 silly registry.get     'x-cache-hits': '0, 0',
37 silly registry.get     'x-timer': 'S1398555375.594673157,VS0,VS5,VE108,VE118',
37 silly registry.get     'keep-alive': 'timeout=10, max=50',
37 silly registry.get     connection: 'Keep-Alive' } ]
38 silly lockFile d8bf140d-fs fs@*
39 silly lockFile d8bf140d-fs fs@*
40 error 404 'fs' is not in the npm registry.
40 error 404 You should bug the author to publish it
40 error 404 It was specified as a dependency of 'application-name'
40 error 404
40 error 404 Note that you can also install from a
40 error 404 tarball, folder, or http url, or git url.
41 error System Darwin 13.0.0
42 error command "node" "/usr/local/bin/npm" "install"
43 error cwd /Users/admin/Desktop/hackathon/mentorship-hackathon
44 error node -v v0.10.26
45 error npm -v 1.4.3
46 error code E404
47 verbose exit [ 1, true ]
